<?xml version="1.0" encoding="UTF-8"?>
<!-- Generated by org.testng.reporters.JUnitReportReporter -->
<testsuite hostname="c559ab8ddccf" failures="0" tests="20" name="com.selenium.tests.LoginTest" time="9.678" errors="0" timestamp="2026-05-18T12:44:42 IST" skipped="0">
  <testcase classname="com.selenium.tests.LoginTest" name="verifyKeyboardNavigationLogin" time="0.814"/>
  <testcase classname="com.selenium.tests.LoginTest" name="loginWithValidCredentials" time="0.997"/>
  <testcase classname="com.selenium.tests.LoginTest" name="loginWithWhitespacePassword" time="0.323"/>
  <testcase classname="com.selenium.tests.LoginTest" name="verifyLabelsVisible" time="0.296"/>
  <testcase classname="com.selenium.tests.LoginTest" name="loginWithUsernameContainingSpaces" time="0.412"/>
  <testcase classname="com.selenium.tests.LoginTest" name="verifyLoginAfterBackendReset" time="0.454"/>
  <testcase classname="com.selenium.tests.LoginTest" name="switchToNewTabOrSameTab" time="0.395"/>
  <testcase classname="com.selenium.tests.LoginTest" name="clickSignUpLinkTest" time="0.464"/>
  <testcase classname="com.selenium.tests.LoginTest" name="loginWithPasswordEmpty" time="0.379"/>
  <testcase classname="com.selenium.tests.LoginTest" name="loginWithInvalidUsername" time="0.408"/>
  <testcase classname="com.selenium.tests.LoginTest" name="loginWithSQLInjection" time="0.410"/>
  <testcase classname="com.selenium.tests.LoginTest" name="loginWithEmptyFields" time="0.350"/>
  <testcase classname="com.selenium.tests.LoginTest" name="loginWithInvalidPassword" time="0.680"/>
  <testcase classname="com.selenium.tests.LoginTest" name="verifyLoginWithMaxChars" time="0.472"/>
  <testcase classname="com.selenium.tests.LoginTest" name="loginWithUsernameEmpty" time="0.382"/>
  <testcase classname="com.selenium.tests.LoginTest" name="verifyAllElementsPresent" time="0.359"/>
  <testcase classname="com.selenium.tests.LoginTest" name="verifyAutofillBehavior" time="0.320"/>
  <testcase classname="com.selenium.tests.LoginTest" name="verifyLoginAfterPasswordChange" time="1.153"/>
  <testcase classname="com.selenium.tests.LoginTest" name="verifyButtonAndLinkVisibility" time="0.321"/>
  <testcase classname="com.selenium.tests.LoginTest" name="verifyLoginPageTitle" time="0.289"/>
</testsuite> <!-- com.selenium.tests.LoginTest -->
