<?xml version="1.0" encoding="UTF-8"?>
<!-- Generated by org.testng.reporters.JUnitReportReporter -->
<testsuite hostname="dcdaeee22e84" failures="0" tests="22" name="com.selenium.tests.SignupTest" time="84.672" errors="0" timestamp="2026-05-18T15:48:31 IST" skipped="0">
  <testcase classname="com.selenium.tests.SignupTest" name="verifyNoSensitiveInformationInErrorMessages" time="3.729"/>
  <testcase classname="com.selenium.tests.SignupTest" name="verifySignupPageTitle" time="3.542"/>
  <testcase classname="com.selenium.tests.SignupTest" name="loginWithSpecialCharacters" time="2.303"/>
  <testcase classname="com.selenium.tests.SignupTest" name="verifyMaxUsernameLength" time="3.565"/>
  <testcase classname="com.selenium.tests.SignupTest" name="verifyErrorMessagesForInvalidInput" time="3.558"/>
  <testcase classname="com.selenium.tests.SignupTest" name="verifySignupPerformance" time="3.386"/>
  <testcase classname="com.selenium.tests.SignupTest" name="verifyPasswordMismatchValidation" time="3.595"/>
  <testcase classname="com.selenium.tests.SignupTest" name="verifyDuplicateUsernameValidation" time="3.526"/>
  <testcase classname="com.selenium.tests.SignupTest" name="verifyLabelsVisible" time="3.391"/>
  <testcase classname="com.selenium.tests.SignupTest" name="loginWithEmptyFields" time="3.696"/>
  <testcase classname="com.selenium.tests.SignupTest" name="verifyDuplicateEmailValidation" time="3.394"/>
  <testcase classname="com.selenium.tests.SignupTest" name="verifyResponsiveLayout" time="9.024"/>
  <testcase classname="com.selenium.tests.SignupTest" name="signupWithValidCredentials" time="3.686"/>
  <testcase classname="com.selenium.tests.SignupTest" name="verifyWeakPassword" time="3.624"/>
  <testcase classname="com.selenium.tests.SignupTest" name="verifyEmailFormatValidation" time="3.516"/>
  <testcase classname="com.selenium.tests.SignupTest" name="verifyKeyboardNavigationSignup" time="3.853"/>
  <testcase classname="com.selenium.tests.SignupTest" name="verifyAllElementsPresent" time="3.333"/>
  <testcase classname="com.selenium.tests.SignupTest" name="verifyMinUsernameLength" time="3.520"/>
  <testcase classname="com.selenium.tests.SignupTest" name="verifyButtonVisibility" time="3.019"/>
  <testcase classname="com.selenium.tests.SignupTest" name="loginWithSQLInjection" time="3.428"/>
  <testcase classname="com.selenium.tests.SignupTest" name="verifySignupRateLimiting" time="6.536"/>
  <testcase classname="com.selenium.tests.SignupTest" name="verifyPasswordFieldsAreMasked" time="3.448"/>
  <system-out>
    <![CDATA[Backup Status: Failed | Last File: N/A | Last Run: 2026-05-18 15:44:00]]>
  </system-out>
</testsuite> <!-- com.selenium.tests.SignupTest -->
