<?xml version="1.0" encoding="UTF-8"?>
<!-- Generated by org.testng.reporters.JUnitReportReporter -->
<testsuite hostname="69887a187fd3" failures="0" tests="20" name="com.selenium.tests.LoginTest" time="65.735" errors="0" timestamp="2026-05-14T14:57:56 IST" skipped="0">
  <testcase classname="com.selenium.tests.LoginTest" name="loginWithUsernameEmpty" time="3.738"/>
  <testcase classname="com.selenium.tests.LoginTest" name="switchToNewTabOrSameTab" time="3.259"/>
  <testcase classname="com.selenium.tests.LoginTest" name="clickSignUpLinkTest" time="2.692"/>
  <testcase classname="com.selenium.tests.LoginTest" name="verifyAutofillBehavior" time="3.257"/>
  <testcase classname="com.selenium.tests.LoginTest" name="verifyLoginAfterPasswordChange" time="3.243"/>
  <testcase classname="com.selenium.tests.LoginTest" name="loginWithPasswordEmpty" time="3.489"/>
  <testcase classname="com.selenium.tests.LoginTest" name="loginWithUsernameContainingSpaces" time="3.026"/>
  <testcase classname="com.selenium.tests.LoginTest" name="loginWithSQLInjection" time="3.285"/>
  <testcase classname="com.selenium.tests.LoginTest" name="verifyAllElementsPresent" time="3.319"/>
  <testcase classname="com.selenium.tests.LoginTest" name="loginWithValidCredentials" time="4.017"/>
  <testcase classname="com.selenium.tests.LoginTest" name="verifyLoginAfterBackendReset" time="3.304"/>
  <testcase classname="com.selenium.tests.LoginTest" name="verifyLabelsVisible" time="3.073"/>
  <testcase classname="com.selenium.tests.LoginTest" name="verifyLoginWithMaxChars" time="3.383"/>
  <testcase classname="com.selenium.tests.LoginTest" name="loginWithInvalidUsername" time="3.175"/>
  <testcase classname="com.selenium.tests.LoginTest" name="loginWithInvalidPassword" time="3.165"/>
  <testcase classname="com.selenium.tests.LoginTest" name="loginWithWhitespacePassword" time="3.179"/>
  <testcase classname="com.selenium.tests.LoginTest" name="verifyKeyboardNavigationLogin" time="3.782"/>
  <testcase classname="com.selenium.tests.LoginTest" name="verifyLoginPageTitle" time="3.217"/>
  <testcase classname="com.selenium.tests.LoginTest" name="loginWithEmptyFields" time="2.926"/>
  <testcase classname="com.selenium.tests.LoginTest" name="verifyButtonAndLinkVisibility" time="3.206"/>
</testsuite> <!-- com.selenium.tests.LoginTest -->
