<?xml version="1.0" encoding="UTF-8"?>
<!-- Generated by org.testng.reporters.JUnitReportReporter -->
<testsuite hostname="2198de076af1" failures="0" tests="19" name="com.selenium.tests.DashboardTest" time="444.824" errors="0" timestamp="2026-05-18T22:07:29 IST" skipped="0">
  <testcase classname="com.selenium.tests.DashboardTest" name="verifyNoOverlappingElements" time="18.503"/>
  <testcase classname="com.selenium.tests.DashboardTest" name="verifyScreenReaderCompatibility" time="18.691"/>
  <testcase classname="com.selenium.tests.DashboardTest" name="verifyFailedBackupStatus" time="17.828"/>
  <testcase classname="com.selenium.tests.DashboardTest" name="verifyBackupStatsVisible" time="18.695"/>
  <testcase classname="com.selenium.tests.DashboardTest" name="verifyGoToLoginButtonEffect" time="19.487"/>
  <testcase classname="com.selenium.tests.DashboardTest" name="verifyFontStyles" time="18.104"/>
  <testcase classname="com.selenium.tests.DashboardTest" name="verifyPageBackgroundColor" time="18.489"/>
  <testcase classname="com.selenium.tests.DashboardTest" name="verifyPageTitle" time="35.716"/>
  <testcase classname="com.selenium.tests.DashboardTest" name="verifyAllTextVisible" time="20.003"/>
  <testcase classname="com.selenium.tests.DashboardTest" name="verifyDashboardAfterRefresh" time="19.755"/>
  <testcase classname="com.selenium.tests.DashboardTest" name="verifyStatsAlignment" time="41.439"/>
  <testcase classname="com.selenium.tests.DashboardTest" name="verifyGoToLoginButton" time="35.696"/>
  <testcase classname="com.selenium.tests.DashboardTest" name="verifyBackupSummaryConsistency" time="38.120"/>
  <testcase classname="com.selenium.tests.DashboardTest" name="verifyPageLoadSpeed" time="5.123"/>
  <testcase classname="com.selenium.tests.DashboardTest" name="verifyDashboardNavigation" time="19.535"/>
  <testcase classname="com.selenium.tests.DashboardTest" name="verifyBackupTimeReflectsSystemClock" time="28.272"/>
  <testcase classname="com.selenium.tests.DashboardTest" name="verifyAutoRefresh" time="43.264"/>
  <testcase classname="com.selenium.tests.DashboardTest" name="verifyDashboardHandlesLargeBackupCount" time="18.663"/>
  <testcase classname="com.selenium.tests.DashboardTest" name="verifyPageHeading" time="9.441"/>
</testsuite> <!-- com.selenium.tests.DashboardTest -->
