<?xml version="1.0" encoding="UTF-8"?>
<!-- Generated by org.testng.reporters.JUnitReportReporter -->
<testsuite hostname="cf3389d6cbe3" failures="0" tests="20" name="com.selenium.tests.LoginTest" time="304.036" errors="0" timestamp="2026-05-18T22:50:38 IST" skipped="0">
  <testcase classname="com.selenium.tests.LoginTest" name="loginWithUsernameContainingSpaces" time="16.266"/>
  <testcase classname="com.selenium.tests.LoginTest" name="verifyKeyboardNavigationLogin" time="17.436"/>
  <testcase classname="com.selenium.tests.LoginTest" name="verifyLoginWithMaxChars" time="16.734"/>
  <testcase classname="com.selenium.tests.LoginTest" name="clickSignUpLinkTest" time="16.942"/>
  <testcase classname="com.selenium.tests.LoginTest" name="verifyAutofillBehavior" time="16.832"/>
  <testcase classname="com.selenium.tests.LoginTest" name="loginWithSQLInjection" time="16.981"/>
  <testcase classname="com.selenium.tests.LoginTest" name="loginWithInvalidPassword" time="17.103"/>
  <testcase classname="com.selenium.tests.LoginTest" name="verifyLoginAfterPasswordChange" time="17.383"/>
  <testcase classname="com.selenium.tests.LoginTest" name="loginWithUsernameEmpty" time="16.517"/>
  <testcase classname="com.selenium.tests.LoginTest" name="verifyLabelsVisible" time="6.493"/>
  <testcase classname="com.selenium.tests.LoginTest" name="verifyLoginPageTitle" time="16.485"/>
  <testcase classname="com.selenium.tests.LoginTest" name="loginWithPasswordEmpty" time="16.803"/>
  <testcase classname="com.selenium.tests.LoginTest" name="loginWithInvalidUsername" time="16.975"/>
  <testcase classname="com.selenium.tests.LoginTest" name="loginWithEmptyFields" time="17.030"/>
  <testcase classname="com.selenium.tests.LoginTest" name="loginWithValidCredentials" time="10.778"/>
  <testcase classname="com.selenium.tests.LoginTest" name="loginWithWhitespacePassword" time="3.043"/>
  <testcase classname="com.selenium.tests.LoginTest" name="switchToNewTabOrSameTab" time="16.700"/>
  <testcase classname="com.selenium.tests.LoginTest" name="verifyLoginAfterBackendReset" time="17.008"/>
  <testcase classname="com.selenium.tests.LoginTest" name="verifyButtonAndLinkVisibility" time="13.591"/>
  <testcase classname="com.selenium.tests.LoginTest" name="verifyAllElementsPresent" time="16.936"/>
</testsuite> <!-- com.selenium.tests.LoginTest -->
